id, access time
E20020840103021925201728, 8/2/2014 10:29 PM, Metting Room at 20/F Chung Nam Building
E20020840103021925201728, 8/2/2014 10:29 PM, Metting Room at 20/F Chung Nam Building
E20020840103021925201728, 8/2/2014 10:29 PM, Metting Room at 20/F Chung Nam Building
E20020840103021925201728, 8/2/2014 10:29 PM, Metting Room at 20/F Chung Nam Building
E20020840103021925201728, 8/2/2014 10:32 PM, Metting Room at 20/F Chung Nam Building
E20020840103021921203B10, 8/2/2014 10:32 PM, Conference Room at 12/F Chung Nam Building
E20020840103021925201728, 8/2/2014 10:32 PM, Metting Room at 20/F Chung Nam Building
E20020840103021921203B10, 8/2/2014 10:32 PM, Conference Room at 12/F Chung Nam Building
E20020840103021925201728, 8/2/2014 10:32 PM, Metting Room at 20/F Chung Nam Building
E20020840103021921203B10, 8/2/2014 10:32 PM, Conference Room at 12/F Chung Nam Building
E20020840103021925201728, 8/2/2014 10:32 PM, Metting Room at 20/F Chung Nam Building
E20020840103021921203B10, 8/2/2014 10:32 PM, Conference Room at 12/F Chung Nam Building
E20020840103021925201728, 8/2/2014 10:32 PM, Metting Room at 20/F Chung Nam Building
E20020840103021921203B10, 8/2/2014 10:32 PM, Conference Room at 12/F Chung Nam Building
E20020840103021925201728, 8/2/2014 10:33 PM, Metting Room at 20/F Chung Nam Building
E20020840103021921203B10, 8/2/2014 10:33 PM, Conference Room at 12/F Chung Nam Building
E20020840103021925201728, 8/2/2014 10:33 PM, Metting Room at 20/F Chung Nam Building
E20020840103021921203B10, 8/2/2014 10:33 PM, Conference Room at 12/F Chung Nam Building
E20020840103021925201728, 8/2/2014 10:33 PM, Metting Room at 20/F Chung Nam Building
E20020840103021921203B10, 8/2/2014 10:33 PM, Conference Room at 12/F Chung Nam Building
E20020840103021925201728, 8/2/2014 10:33 PM, Metting Room at 20/F Chung Nam Building
E20020840103021921203B10, 8/2/2014 10:33 PM, Conference Room at 12/F Chung Nam Building
E20020840103021925201728, 8/2/2014 10:33 PM, Metting Room at 20/F Chung Nam Building
E20020840103021921203B10, 8/2/2014 10:33 PM, Conference Room at 12/F Chung Nam Building
E20020840103021925201728, 8/2/2014 10:33 PM, Metting Room at 20/F Chung Nam Building
E20020840103021921203B10, 8/2/2014 10:33 PM, Conference Room at 12/F Chung Nam Building
E20020840103021925201728, 8/2/2014 10:33 PM, Metting Room at 20/F Chung Nam Building
E20020840103021921203B10, 8/2/2014 10:33 PM, Conference Room at 12/F Chung Nam Building
E20020840103021925201728, 8/2/2014 10:33 PM, Metting Room at 20/F Chung Nam Building
E20020840103021921203B10, 8/2/2014 10:33 PM, Conference Room at 12/F Chung Nam Building
E20020840103021925201728, 8/2/2014 10:33 PM, Metting Room at 20/F Chung Nam Building
E20020840103021921203B10, 8/2/2014 10:33 PM, Conference Room at 12/F Chung Nam Building
E20020840103021925201728, 8/2/2014 10:33 PM, Metting Room at 20/F Chung Nam Building
E20020840103021921203B10, 8/2/2014 10:33 PM, Conference Room at 12/F Chung Nam Building
E20020840103021925201728, 8/2/2014 10:33 PM, Metting Room at 20/F Chung Nam Building
E20020840103021921203B10, 8/2/2014 10:33 PM, Conference Room at 12/F Chung Nam Building
E20020840103021925201728, 8/2/2014 10:33 PM, Metting Room at 20/F Chung Nam Building
E20020840103021921203B10, 8/2/2014 10:33 PM, Conference Room at 12/F Chung Nam Building
E20020840103021925201728, 8/2/2014 10:33 PM, Metting Room at 20/F Chung Nam Building
E20020840103021921203B10, 8/2/2014 10:33 PM, Conference Room at 12/F Chung Nam Building
E20020840103021925201728, 8/2/2014 10:33 PM, Metting Room at 20/F Chung Nam Building
E20020840103021921203B10, 8/2/2014 10:33 PM, Conference Room at 12/F Chung Nam Building
E20020840103021925201728, 8/2/2014 10:33 PM, Metting Room at 20/F Chung Nam Building
E20020840103021921203B10, 8/2/2014 10:33 PM, Conference Room at 12/F Chung Nam Building
E20020840103021925201728, 8/2/2014 10:33 PM, Metting Room at 20/F Chung Nam Building
E20020840103021921203B10, 8/2/2014 10:33 PM, Conference Room at 12/F Chung Nam Building
E20020840103021925201728, 8/2/2014 10:35 PM, Mexico
E20020840103021925201728, 8/2/2014 10:35 PM, Mexico
E20020840103021925201728, 8/2/2014 10:36 PM, Mexico
E20020840103021925201728, 8/2/2014 10:36 PM, Mexico
E20020840103021925201728, 8/2/2014 10:36 PM, Mexico
E20020840103021925201728, 8/2/2014 11:31 PM, Mexico
E20020840103021925201728, 8/2/2014 11:31 PM, Mexico
E20020840103021925201728, 8/2/2014 11:32 PM, Mexico
E20020840103021925201728, 8/2/2014 11:32 PM, Mexico
E20020840103021925201728, 8/2/2014 11:35 PM, Mexico
E20020840103021925201728, 8/2/2014 11:35 PM, Mexico
E20020840103021925201728, 8/2/2014 11:36 PM, Mexico
E20020840103021925201728, 8/2/2014 11:36 PM, Mexico
E20020840103021925201728, 8/2/2014 11:37 PM, Mexico
E20020840103021921203B10, 8/2/2014 11:38 PM, Conference Room at 12/F Chung Nam Building
E20020840103021925201728, 8/2/2014 11:40 PM, Mexico
E20020840103021921203B10, 8/2/2014 11:41 PM, Conference Room at 12/F Chung Nam Building
E20020840103021921203B10, 8/2/2014 11:42 PM, Conference Room at 12/F Chung Nam Building
E20020840103021925201728, 8/2/2014 11:42 PM, Mexico
E20020840103021925201728, 8/3/2014 10:29 AM, Mexico
E20020840103021925201728, 8/3/2014 10:30 AM, Mexico
E20020840103021925201728, 8/3/2014 10:30 AM, Mexico
E20020840103021921203B10, 8/3/2014 10:30 AM, Conference Room at 12/F Chung Nam Building
E20020840103021925201728, 8/3/2014 10:30 AM, Mexico
E20020840103021921203B10, 8/3/2014 10:31 AM, Conference Room at 12/F Chung Nam Building
E20020840103021925201728, 8/3/2014 10:31 AM, Mexico
E20020840103021921203B10, 8/3/2014 10:31 AM, Conference Room at 12/F Chung Nam Building
E20020840103021925201728, 8/3/2014 10:31 AM, Mexico
E20020840103021921203B10, 8/3/2014 10:31 AM, Conference Room at 12/F Chung Nam Building
E20020840103021925201728, 8/3/2014 10:31 AM, Mexico
E20020840103021921203B10, 8/3/2014 10:31 AM, Conference Room at 12/F Chung Nam Building
E20020840103021921203B10, 8/3/2014 10:31 AM, Conference Room at 12/F Chung Nam Building
E20020840103021921203B10, 8/3/2014 10:31 AM, Conference Room at 12/F Chung Nam Building
E20020840103021921203B10, 8/3/2014 10:32 AM, Conference Room at 12/F Chung Nam Building
E20020840103021925201728, 8/3/2014 10:32 AM, Mexico
E20020840103021925201728, 8/3/2014 10:32 AM, Mexico
E20020840103021925201728, 8/3/2014 10:32 AM, Mexico
E20020840103021925201728, 8/3/2014 10:32 AM, Mexico
E20020840103021921203B10, 8/3/2014 10:33 AM, Conference Room at 12/F Chung Nam Building
E20020840103021925201728, 8/3/2014 10:33 AM, Mexico
E20020840103021921203B10, 8/3/2014 10:33 AM, Conference Room at 12/F Chung Nam Building
E20020840103021925201728, 8/3/2014 10:33 AM, Mexico
E20020840103021921203B10, 8/3/2014 10:33 AM, Conference Room at 12/F Chung Nam Building
E20020840103021925201728, 8/3/2014 10:33 AM, Mexico
E20020840103021921203B10, 8/3/2014 10:33 AM, Conference Room at 12/F Chung Nam Building
E20020840103021925201728, 8/3/2014 10:33 AM, Mexico
E20020840103021921203B10, 8/3/2014 10:33 AM, Conference Room at 12/F Chung Nam Building
E20020840103021925201728, 8/3/2014 10:33 AM, Mexico
E20020840103021921203B10, 8/3/2014 10:33 AM, Conference Room at 12/F Chung Nam Building
E20020840103021925201728, 8/3/2014 10:33 AM, Mexico
E20020840103021921203B10, 8/3/2014 10:33 AM, Conference Room at 12/F Chung Nam Building
E20020840103021925201728, 8/3/2014 10:33 AM, Mexico
E20020840103021921203B10, 8/3/2014 10:33 AM, Conference Room at 12/F Chung Nam Building
E20020840103021925201728, 8/3/2014 10:33 AM, Mexico
E20020840103021921203B10, 8/3/2014 10:33 AM, Conference Room at 12/F Chung Nam Building
E20020840103021925201728, 8/3/2014 10:33 AM, Mexico
E20020840103021921203B10, 8/3/2014 10:33 AM, Conference Room at 12/F Chung Nam Building
E20020840103021925201728, 8/3/2014 10:33 AM, Mexico
E20020840103021921203B10, 8/3/2014 10:33 AM, Conference Room at 12/F Chung Nam Building
E20020840103021925201728, 8/3/2014 10:33 AM, Mexico
E20020840103021921203B10, 8/3/2014 10:33 AM, Conference Room at 12/F Chung Nam Building
E20020840103021925201728, 8/3/2014 10:33 AM, Mexico
E20020840103021921203B10, 8/3/2014 10:33 AM, Conference Room at 12/F Chung Nam Building
E20020840103021925201728, 8/3/2014 10:33 AM, Mexico
E20020840103021921203B10, 8/3/2014 10:33 AM, Conference Room at 12/F Chung Nam Building
E20020840103021925201728, 8/3/2014 10:33 AM, Mexico
E20020840103021921203B10, 8/3/2014 10:33 AM, Conference Room at 12/F Chung Nam Building
E20020840103021925201728, 8/3/2014 10:33 AM, Mexico
E20020840103021921203B10, 8/3/2014 10:33 AM, Conference Room at 12/F Chung Nam Building
E20020840103021925201728, 8/3/2014 10:33 AM, Mexico
E20020840103021921203B10, 8/3/2014 10:33 AM, Conference Room at 12/F Chung Nam Building
E20020840103021925201728, 8/3/2014 10:33 AM, Mexico
E20020840103021921203B10, 8/3/2014 10:33 AM, Conference Room at 12/F Chung Nam Building
E20020840103021925201728, 8/3/2014 10:33 AM, Mexico
E20020840103021921203B10, 8/3/2014 10:33 AM, Conference Room at 12/F Chung Nam Building
E20020840103021925201728, 8/3/2014 10:33 AM, Mexico
E20020840103021921203B10, 8/3/2014 10:33 AM, Conference Room at 12/F Chung Nam Building
E20020840103021925201728, 8/3/2014 10:33 AM, Mexico
E20020840103021921203B10, 8/3/2014 10:33 AM, Conference Room at 12/F Chung Nam Building
E20020840103021925201728, 8/3/2014 10:33 AM, Mexico
E20020840103021921203B10, 8/3/2014 10:33 AM, Conference Room at 12/F Chung Nam Building
E20020840103021925201728, 8/3/2014 10:33 AM, Mexico
E20020840103021921203B10, 8/3/2014 10:33 AM, Conference Room at 12/F Chung Nam Building
E20020840103021925201728, 8/3/2014 10:33 AM, Mexico
E20020840103021921203B10, 8/3/2014 10:34 AM, Conference Room at 12/F Chung Nam Building
E20020840103021925201728, 8/3/2014 10:34 AM, Mexico
E20020840103021921203B10, 8/3/2014 10:34 AM, Conference Room at 12/F Chung Nam Building
E20020840103021921203B10, 8/3/2014 10:34 AM, 
E20020840103021925201728, 8/3/2014 10:34 AM, 
E20020840103021921203B10, 8/3/2014 10:34 AM, 
E20020840103021925201728, 8/3/2014 10:34 AM, 
E20020840103021921203B10, 8/3/2014 10:34 AM, 
E20020840103021925201728, 8/3/2014 10:34 AM, 
E20020840103021921203B10, 8/3/2014 10:34 AM, 
E20020840103021925201728, 8/3/2014 10:34 AM, 
E20020840103021921203B10, 8/3/2014 10:34 AM, 
E20020840103021925201728, 8/3/2014 10:34 AM, 
E20020840103021921203B10, 8/3/2014 10:34 AM, 
E20020840103021925201728, 8/3/2014 10:34 AM, 
E20020840103021921203B10, 8/3/2014 10:34 AM, 
E20020840103021925201728, 8/3/2014 10:34 AM, 
E20020840103021925201728, 8/3/2014 10:34 AM, Mexico
E20020840103021921203B10, 8/3/2014 10:34 AM, Conference Room at 12/F Chung Nam Building
E20020840103021921203B10, 8/3/2014 10:34 AM, 
E20020840103021925201728, 8/3/2014 10:34 AM, 
E20020840103021921203B10, 8/3/2014 10:34 AM, 
E20020840103021925201728, 8/3/2014 10:34 AM, 
E20020840103021921203B10, 8/3/2014 10:34 AM, 
E20020840103021925201728, 8/3/2014 10:34 AM, 
E20020840103021921203B10, 8/3/2014 10:34 AM, 
E20020840103021925201728, 8/3/2014 10:34 AM, 
E20020840103021921203B10, 8/3/2014 10:34 AM, 
E20020840103021925201728, 8/3/2014 10:34 AM, 
E20020840103021921203B10, 8/3/2014 10:34 AM, 
E20020840103021925201728, 8/3/2014 10:34 AM, 
E20020840103021921203B10, 8/3/2014 10:34 AM, 
E20020840103021925201728, 8/3/2014 10:34 AM, 
E20020840103021921203B10, 8/3/2014 10:34 AM, 
E20020840103021925201728, 8/3/2014 10:34 AM, 
E20020840103021921203B10, 8/3/2014 10:34 AM, 
E20020840103021925201728, 8/3/2014 10:34 AM, 
E20020840103021921203B10, 8/3/2014 10:34 AM, 
E20020840103021925201728, 8/3/2014 10:34 AM, 
E20020840103021921203B10, 8/3/2014 10:34 AM, 
E20020840103021925201728, 8/3/2014 10:34 AM, 
E20020840103021921203B10, 8/3/2014 10:34 AM, 
E20020840103021925201728, 8/3/2014 10:34 AM, 
E20020840103021921203B10, 8/3/2014 10:34 AM, 
E20020840103021925201728, 8/3/2014 10:34 AM, 
E20020840103021925201728, 8/3/2014 10:34 AM, Mexico
E20020840103021921203B10, 8/3/2014 10:34 AM, Conference Room at 12/F Chung Nam Building
E20020840103021925201728, 8/3/2014 10:34 AM, Mexico
E20020840103021925201728, 8/3/2014 12:40 PM, Mexico
E20020840103021925201728, 8/3/2014 12:40 PM, Mexico
E20020840103021925201728, 8/3/2014 12:40 PM, Mexico
E20020840103021925201728, 8/3/2014 12:41 PM, Mexico
E20020840103021925201728, 8/3/2014 12:41 PM, Mexico
E20020840103021925201728, 8/3/2014 12:41 PM, Mexico
E20020840103021921203B10, 8/6/2014 10:58 PM, Conference Room at 12/F Chung Nam Building
E20020840103021925201728, 8/6/2014 10:58 PM, Mexico
E20020840103021921203B10, 8/6/2014 11:00 PM, Conference Room at 12/F Chung Nam Building
E20020840103021925201728, 8/6/2014 11:00 PM, Mexico
E20020840103021921203B10, 8/6/2014 11:00 PM, Conference Room at 12/F Chung Nam Building
E20020840103021925201728, 8/6/2014 11:01 PM, Mexico
E20020840103021921203B10, 8/6/2014 11:01 PM, Conference Room at 12/F Chung Nam Building
E20020840103021925201728, 8/6/2014 11:01 PM, Mexico
E20020840103021921203B10, 8/6/2014 11:01 PM, Conference Room at 12/F Chung Nam Building
E20020840103021925201728, 8/6/2014 11:01 PM, Mexico
E20020840103021921203B10, 8/6/2014 11:01 PM, Conference Room at 12/F Chung Nam Building
E20020840103021925201728, 8/6/2014 11:01 PM, Mexico
E20020840103021921203B10, 8/6/2014 11:01 PM, Conference Room at 12/F Chung Nam Building
E20020840103021925201728, 8/6/2014 11:01 PM, Mexico
E20020840103021921203B10, 8/6/2014 11:01 PM, Conference Room at 12/F Chung Nam Building
E20020840103021921203B10, 8/6/2014 11:05 PM, Conference Room at 12/F Chung Nam Building
E20020840103021921203B10, 8/6/2014 11:05 PM, Conference Room at 12/F Chung Nam Building
E20020840103021925201728, 8/6/2014 11:06 PM, Mexico
E20020840103021921203B10, 8/6/2014 11:06 PM, Conference Room at 12/F Chung Nam Building
E20020840103021925201728, 8/6/2014 11:06 PM, Mexico
E20020840103021921203B10, 8/6/2014 11:06 PM, Conference Room at 12/F Chung Nam Building
E20020840103021925201728, 8/6/2014 11:06 PM, Mexico
E20020840103021925201728, 8/6/2014 11:06 PM, Mexico
E20020840103021925201728, 8/13/2014 10:35 AM, Mexico
