8/13/2014 11:55:24 AM|CS461 Access Control (High Level API) - 2.0.0.6 (2.0.0.6) starting up ...

8/13/2014 11:55:24 AM|http://192.168.25.248/API?command=isOnline&session_id=

8/13/2014 11:55:24 AM|<?xml version="1.0"?>
<CSL><Command>isOnline</Command><Error code="-102" msg="Error: Session ID not correct! Please try logout and login again." /></CSL>

8/13/2014 11:55:24 AM|http://192.168.25.248/API?command=login&username=root&password=csl2006

8/13/2014 11:55:24 AM|<?xml version="1.0"?>
<CSL><Command>login</Command><Error alreadyLoginIP="192.168.25.1" alreadyLoginUser="root" code="-10" msg="Error: Only one user can login the system at the same time! Another User root has already logged-in the system (by browser or API command) at location 192.168.25.1. Please logout the other user and retry login." /></CSL>

8/13/2014 11:55:24 AM|http://192.168.25.248/API?command=forceLogout&username=root&password=csl2006

8/13/2014 11:55:24 AM|<?xml version="1.0"?>
<CSL><Command>forceLogout</Command><Ack>OK:</Ack></CSL>

8/13/2014 11:55:24 AM|http://192.168.25.248/API?command=login&username=root&password=csl2006

8/13/2014 11:55:24 AM|<?xml version="1.0"?>
<CSL><Command>login</Command><Ack>OK: session_id=68782352</Ack></CSL>

8/13/2014 11:55:25 AM|http://192.168.25.248/API?command=getAccessMode&session_id=68782352

8/13/2014 11:55:25 AM|<?xml version="1.0"?>
<CSL><Command>getAccessMode</Command><Access mode="1" name="High Level HTTP API Mode" /></CSL>

8/13/2014 11:55:25 AM|http://192.168.25.248/API?command=isOnline&session_id=68782352

8/13/2014 11:55:25 AM|<?xml version="1.0"?>
<CSL><Command>isOnline</Command><Ack>OK: Online,CS461.</Ack></CSL>

8/13/2014 11:55:25 AM|http://192.168.25.248/API?command=listEvent&session_id=68782352

8/13/2014 11:55:25 AM|<?xml version="1.0"?>
<CSL>
<Command>listEvent</Command>
<EventMode mode="0" />
<AutomaticConfigure desc="automatic configure CSLEvent for DSPI" enable="true" />
<EventList>
<event desc="Event Demo" enable="false" event_id="DemoEvent" event_log="false" exclusivity="Non-exclusive" inventoryDisablingAction="NONE" inventoryDisablingTrigger="Never Stop" inventoryEnablingAction="NONE" inventoryEnablingTrigger="Always On" operProfile_id="Default Profile" resultant_action="DemoAction" triggering_logic="DemoTrigger" />
<event desc="POS Demo" enable="false" event_id="PosDemoEvent" event_log="false" exclusivity="" inventoryDisablingAction="" inventoryDisablingTrigger="Never Stop" inventoryEnablingAction="" inventoryEnablingTrigger="Always On" operProfile_id="Default Profile" resultant_action="PosDemoAction" triggering_logic="PosDemoLogic" />
<event desc="Access Control Demo" enable="true" event_id="AccessControlDemoEvent" event_log="false" exclusivity="Exclusive" inventoryDisablingAction="NONE" inventoryDisablingTrigger="Never Stop" inventoryEnablingAction="NONE" inventoryEnablingTrigger="Always On" operProfile_id="Default Profile" resultant_action="AccessControlDemoAction" triggering_logic="AccessControlDemoLogic" />
</EventList>
</CSL>

8/13/2014 11:55:25 AM|http://192.168.25.248/API?command=enableEvent&session_id=68782352&event_id=DemoEvent&enable=false

8/13/2014 11:55:26 AM|<?xml version="1.0"?>
<CSL><Command>enableEvent</Command><Ack>OK:</Ack></CSL>

8/13/2014 11:55:26 AM|http://192.168.25.248/API?command=enableEvent&session_id=68782352&event_id=PosDemoEvent&enable=false

8/13/2014 11:55:27 AM|<?xml version="1.0"?>
<CSL><Command>enableEvent</Command><Ack>OK:</Ack></CSL>

8/13/2014 11:55:27 AM|http://192.168.25.248/API?command=enableEvent&session_id=68782352&event_id=AccessControlDemoEvent&enable=false

8/13/2014 11:55:28 AM|<?xml version="1.0"?>
<CSL><Command>enableEvent</Command><Ack>OK:</Ack></CSL>

8/13/2014 11:55:28 AM|http://192.168.25.248/API?command=setOperProfile&session_id=68782352&profile_id=Default Profile&captureMode=Time Window&duplicateEliminationTime=1000&modulationProfile=Profile0&populationEst=32&sessionNo=1&antennaPort=1&enable=true&triggerMethod=Autonomous Time Trigger&transmitPower1=30.00&&transmitPower2=30.00&transmitPower3=30.00&transmitPower4=30.00&antennaPortScheme=false

8/13/2014 11:55:28 AM|<?xml version="1.0"?>
<CSL><Command>setOperProfile</Command><Ack>OK:</Ack></CSL>

8/13/2014 11:55:28 AM|http://192.168.25.248/API?command=setServerID&session_id=68782352&server_id=AccessControlDemoServer&desc=Access Control Demo Server&server_ip=192.168.25.1&server_port=9092&enable=true&reader_ip=&mode=Listening Port on Server Side

8/13/2014 11:55:28 AM|<?xml version="1.0"?>
<CSL><Command>setServerID</Command><Ack>OK:</Ack></CSL>

8/13/2014 11:55:28 AM|http://192.168.25.248/API?command=delTriggeringLogic&session_id=68782352&logic_id=AccessControlDemoLogic

8/13/2014 11:55:28 AM|<?xml version="1.0"?>
<CSL><Command>delTriggeringLogic</Command><Ack>OK:</Ack></CSL>

8/13/2014 11:55:28 AM|http://192.168.25.248/API?command=addTriggeringLogic&session_id=68782352&logic_id=AccessControlDemoLogic&desc=Access Control Demo&mode=Read Any Tags (any ID, 1 trigger per tag)&capture_point=1&logic=

8/13/2014 11:55:29 AM|<?xml version="1.0"?>
<CSL><Command>addTriggeringLogic</Command><Ack>OK:</Ack></CSL>

8/13/2014 11:55:29 AM|http://192.168.25.248/API?command=delResultantAction&session_id=68782352&action_id=AccessControlDemoAction

8/13/2014 11:55:29 AM|<?xml version="1.0"?>
<CSL><Command>delResultantAction</Command><Ack>OK:</Ack></CSL>

8/13/2014 11:55:29 AM|http://192.168.25.248/API?command=addResultantAction&session_id=68782352&action_id=AccessControlDemoAction&desc=Access Control Demo&action_mode=Instant Alert to Server&server_id=AccessControlDemoServer&report_id=Default Report

8/13/2014 11:55:29 AM|<?xml version="1.0"?>
<CSL><Command>addResultantAction</Command><Ack>OK:</Ack></CSL>

8/13/2014 11:55:29 AM|http://192.168.25.248/API?command=delEvent&session_id=68782352&event_id=AccessControlDemoEvent

8/13/2014 11:55:30 AM|<?xml version="1.0"?>
<CSL><Command>delEvent</Command><Ack>OK:</Ack></CSL>

8/13/2014 11:55:30 AM|http://192.168.25.248/API?command=addEvent&session_id=68782352&event_id=AccessControlDemoEvent&desc=Access Control Demo&triggering_logic=AccessControlDemoLogic&operProfile_id=Default Profile&resultant_action=AccessControlDemoAction&event_log=false&enable=true&inventoryEnablingTrigger=Always On&inventoryDisablingTrigger=Never Stop

8/13/2014 11:55:30 AM|<?xml version="1.0"?>
<CSL><Command>addEvent</Command><Ack>OK:</Ack></CSL>

8/13/2014 11:55:30 AM|http://192.168.25.248/API?command=startInventory&session_id=68782352&mode=purgeAllTags

8/13/2014 11:55:30 AM|<?xml version="1.0"?>
<CSL><Command>startInventory</Command><Ack>OK:</Ack></CSL>

13/08/2014 11:55:49 a.m.|Tag Receive Event received: E200208401030220129090B5

8/13/2014 11:55:49 AM|, E200208401030220129090B5

13/08/2014 11:55:50 a.m.|Tag Receive Event received: E200208401030220129090B5

13/08/2014 11:55:51 a.m.|Tag Receive Event received: E200208401030220129090B5

13/08/2014 11:56:21 a.m.|Tag Receive Event received: E200208401030220129090B5

8/13/2014 11:56:21 AM|, E200208401030220129090B5

